2024-10-19 17:20:54 - INFO - Fetching data from: https://startup100.net/
2024-10-19 17:20:54 - INFO - Fetching data from: https://startup100.net/
2024-10-19 17:20:54 - INFO - Data retrieved successfully.
2024-10-19 17:20:54 - INFO - Data retrieved successfully.
2024-10-19 17:20:54 - ERROR - File error: [Errno 2] No such file or directory: '../data/startup100.csv'
2024-10-19 17:20:54 - ERROR - File error: [Errno 2] No such file or directory: '../data/startup100.csv'
2024-10-19 17:22:42 - INFO - Fetching data from: https://startup100.net/
2024-10-19 17:22:42 - INFO - Fetching data from: https://startup100.net/
2024-10-19 17:22:43 - INFO - Data retrieved successfully.
2024-10-19 17:22:43 - INFO - Data retrieved successfully.
2024-10-19 21:12:57 - ERROR - File error: 
2024-10-19 21:12:57 - ERROR - File error: 
2024-10-19 21:12:58 - ERROR - File error: 
2024-10-19 21:12:58 - ERROR - File error: 
2024-10-19 21:15:47 - ERROR - File error: 
2024-10-19 21:15:47 - ERROR - File error: 
2024-10-19 21:15:47 - ERROR - File error: 
2024-10-19 21:15:47 - ERROR - File error: 
2024-10-19 21:20:10 - INFO - Fetching data from: https://startup100.net/
2024-10-19 21:20:10 - INFO - Fetching data from: https://startup100.net/
2024-10-19 21:20:12 - INFO - Data retrieved successfully.
2024-10-19 21:20:12 - INFO - Data retrieved successfully.
2024-10-20 15:12:19 - ERROR - File error: 
2024-10-20 15:12:19 - ERROR - File error: 
2024-10-20 15:12:19 - ERROR - File error: 
2024-10-20 15:12:19 - ERROR - File error: 
2024-10-20 15:12:19 - ERROR - File error: 
2024-10-20 15:12:19 - ERROR - File error: 
2024-10-20 15:15:14 - ERROR - File error: 
2024-10-20 15:15:14 - ERROR - File error: 
2024-10-20 15:15:14 - ERROR - File error: 
2024-10-20 15:15:14 - ERROR - File error: 
2024-10-20 15:15:14 - ERROR - File error: 
2024-10-20 15:15:14 - ERROR - File error: 
2024-10-20 15:30:44 - ERROR - Table not found: 'NoneType' object has no attribute 'find_all'
2024-10-20 15:30:44 - ERROR - Table not found: 'NoneType' object has no attribute 'find_all'
2024-10-20 15:30:44 - ERROR - Table not found: 'NoneType' object has no attribute 'find_all'
2024-10-20 15:30:44 - ERROR - Table not found: 'NoneType' object has no attribute 'find_all'
2024-10-20 15:30:44 - ERROR - Table not found: 'NoneType' object has no attribute 'find_all'
2024-10-20 15:30:45 - ERROR - File error: 
2024-10-20 15:30:45 - ERROR - File error: 
2024-10-20 15:30:45 - ERROR - File error: 
2024-10-20 15:30:45 - ERROR - File error: 
2024-10-20 15:30:45 - ERROR - File error: 
2024-10-20 15:30:45 - ERROR - File error: 
2024-10-20 15:30:45 - ERROR - File error: 
2024-10-20 15:30:45 - ERROR - File error: 
2024-10-20 15:30:45 - ERROR - File error: 
2024-10-20 15:30:45 - ERROR - File error: 
2024-10-20 15:41:09 - ERROR - Table not found: 'NoneType' object has no attribute 'find_all'
2024-10-20 15:41:09 - ERROR - Table not found: 'NoneType' object has no attribute 'find_all'
2024-10-20 15:41:09 - ERROR - Table not found: 'NoneType' object has no attribute 'find_all'
2024-10-20 15:41:09 - ERROR - Table not found: 'NoneType' object has no attribute 'find_all'
2024-10-20 15:41:09 - ERROR - Table not found: 'NoneType' object has no attribute 'find_all'
2024-10-20 15:41:09 - ERROR - File error: 
2024-10-20 15:41:09 - ERROR - File error: 
2024-10-20 15:41:09 - ERROR - File error: 
2024-10-20 15:41:09 - ERROR - File error: 
2024-10-20 15:41:09 - ERROR - File error: 
2024-10-20 15:41:09 - ERROR - File error: 
2024-10-20 15:41:09 - ERROR - File error: 
2024-10-20 15:41:09 - ERROR - File error: 
2024-10-20 15:41:09 - ERROR - File error: 
2024-10-20 15:41:09 - ERROR - File error: 
2024-10-20 15:45:13 - ERROR - Table not found: 'NoneType' object has no attribute 'find_all'
2024-10-20 15:45:13 - ERROR - Table not found: 'NoneType' object has no attribute 'find_all'
2024-10-20 15:45:13 - ERROR - Table not found: 'NoneType' object has no attribute 'find_all'
2024-10-20 15:45:13 - ERROR - Table not found: 'NoneType' object has no attribute 'find_all'
2024-10-20 15:45:13 - ERROR - Table not found: 'NoneType' object has no attribute 'find_all'
2024-10-20 15:45:13 - INFO - Fetching data from: https://startup100.net/
2024-10-20 15:45:13 - INFO - Fetching data from: https://startup100.net/
2024-10-20 15:45:13 - INFO - Fetching data from: https://startup100.net/
2024-10-20 15:45:13 - INFO - Fetching data from: https://startup100.net/
2024-10-20 15:45:13 - INFO - Fetching data from: https://startup100.net/
2024-10-20 15:45:13 - INFO - Data retrieved successfully.
2024-10-20 15:45:13 - INFO - Data retrieved successfully.
2024-10-20 15:45:13 - INFO - Data retrieved successfully.
2024-10-20 15:45:13 - INFO - Data retrieved successfully.
2024-10-20 15:45:13 - INFO - Data retrieved successfully.
2024-10-20 15:45:13 - ERROR - File error: 
2024-10-20 15:45:13 - ERROR - File error: 
2024-10-20 15:45:13 - ERROR - File error: 
2024-10-20 15:45:13 - ERROR - File error: 
2024-10-20 15:45:13 - ERROR - File error: 
2024-10-20 15:45:13 - ERROR - File error: 
2024-10-20 15:45:13 - ERROR - File error: 
2024-10-20 15:45:13 - ERROR - File error: 
2024-10-20 15:45:13 - ERROR - File error: 
2024-10-20 15:45:13 - ERROR - File error: 
2024-10-20 15:45:55 - ERROR - Table not found: 'NoneType' object has no attribute 'find_all'
2024-10-20 15:45:55 - ERROR - Table not found: 'NoneType' object has no attribute 'find_all'
2024-10-20 15:45:55 - ERROR - Table not found: 'NoneType' object has no attribute 'find_all'
2024-10-20 15:45:55 - ERROR - Table not found: 'NoneType' object has no attribute 'find_all'
2024-10-20 15:45:55 - ERROR - Table not found: 'NoneType' object has no attribute 'find_all'
2024-10-20 15:45:55 - INFO - Fetching data from: https://example.com
2024-10-20 15:45:55 - INFO - Fetching data from: https://example.com
2024-10-20 15:45:55 - INFO - Fetching data from: https://example.com
2024-10-20 15:45:55 - INFO - Fetching data from: https://example.com
2024-10-20 15:45:55 - INFO - Fetching data from: https://example.com
2024-10-20 15:45:55 - INFO - Data retrieved successfully.
2024-10-20 15:45:55 - INFO - Data retrieved successfully.
2024-10-20 15:45:55 - INFO - Data retrieved successfully.
2024-10-20 15:45:55 - INFO - Data retrieved successfully.
2024-10-20 15:45:55 - INFO - Data retrieved successfully.
2024-10-20 15:45:55 - ERROR - File error: 
2024-10-20 15:45:55 - ERROR - File error: 
2024-10-20 15:45:55 - ERROR - File error: 
2024-10-20 15:45:55 - ERROR - File error: 
2024-10-20 15:45:55 - ERROR - File error: 
2024-10-20 15:45:55 - ERROR - File error: 
2024-10-20 15:45:55 - ERROR - File error: 
2024-10-20 15:45:55 - ERROR - File error: 
2024-10-20 15:45:55 - ERROR - File error: 
2024-10-20 15:45:55 - ERROR - File error: 
2024-10-20 15:51:21 - ERROR - Table not found: 'NoneType' object has no attribute 'find_all'
2024-10-20 15:51:21 - ERROR - Table not found: 'NoneType' object has no attribute 'find_all'
2024-10-20 15:51:21 - ERROR - Table not found: 'NoneType' object has no attribute 'find_all'
2024-10-20 15:51:21 - ERROR - Table not found: 'NoneType' object has no attribute 'find_all'
2024-10-20 15:51:21 - ERROR - Table not found: 'NoneType' object has no attribute 'find_all'
2024-10-20 15:51:21 - INFO - Fetching data from: https://example.com
2024-10-20 15:51:21 - INFO - Fetching data from: https://example.com
2024-10-20 15:51:21 - INFO - Fetching data from: https://example.com
2024-10-20 15:51:21 - INFO - Fetching data from: https://example.com
2024-10-20 15:51:21 - INFO - Fetching data from: https://example.com
2024-10-20 15:51:21 - ERROR - HTTP error: 404 Client Error: None for url: https://example.com/
2024-10-20 15:51:21 - ERROR - HTTP error: 404 Client Error: None for url: https://example.com/
2024-10-20 15:51:21 - ERROR - HTTP error: 404 Client Error: None for url: https://example.com/
2024-10-20 15:51:21 - ERROR - HTTP error: 404 Client Error: None for url: https://example.com/
2024-10-20 15:51:21 - ERROR - HTTP error: 404 Client Error: None for url: https://example.com/
2024-10-20 15:51:21 - ERROR - File error: 
2024-10-20 15:51:21 - ERROR - File error: 
2024-10-20 15:51:21 - ERROR - File error: 
2024-10-20 15:51:21 - ERROR - File error: 
2024-10-20 15:51:21 - ERROR - File error: 
2024-10-20 15:51:21 - ERROR - File error: 
2024-10-20 15:51:21 - ERROR - File error: 
2024-10-20 15:51:21 - ERROR - File error: 
2024-10-20 15:51:21 - ERROR - File error: 
2024-10-20 15:51:21 - ERROR - File error: 
2024-10-20 15:53:55 - ERROR - Table not found: 'NoneType' object has no attribute 'find_all'
2024-10-20 15:53:55 - ERROR - Table not found: 'NoneType' object has no attribute 'find_all'
2024-10-20 15:53:55 - ERROR - Table not found: 'NoneType' object has no attribute 'find_all'
2024-10-20 15:53:55 - ERROR - Table not found: 'NoneType' object has no attribute 'find_all'
2024-10-20 15:53:55 - ERROR - Table not found: 'NoneType' object has no attribute 'find_all'
2024-10-20 15:53:55 - INFO - Fetching data from: https://example.com
2024-10-20 15:53:55 - INFO - Fetching data from: https://example.com
2024-10-20 15:53:55 - INFO - Fetching data from: https://example.com
2024-10-20 15:53:55 - INFO - Fetching data from: https://example.com
2024-10-20 15:53:55 - INFO - Fetching data from: https://example.com
2024-10-20 15:53:55 - ERROR - HTTP error: 404 Client Error: None for url: https://example.com/
2024-10-20 15:53:55 - ERROR - HTTP error: 404 Client Error: None for url: https://example.com/
2024-10-20 15:53:55 - ERROR - HTTP error: 404 Client Error: None for url: https://example.com/
2024-10-20 15:53:55 - ERROR - HTTP error: 404 Client Error: None for url: https://example.com/
2024-10-20 15:53:55 - ERROR - HTTP error: 404 Client Error: None for url: https://example.com/
2024-10-20 15:53:55 - ERROR - File error: 
2024-10-20 15:53:55 - ERROR - File error: 
2024-10-20 15:53:55 - ERROR - File error: 
2024-10-20 15:53:55 - ERROR - File error: 
2024-10-20 15:53:55 - ERROR - File error: 
2024-10-20 15:53:55 - ERROR - File error: 
2024-10-20 15:53:55 - ERROR - File error: 
2024-10-20 15:53:55 - ERROR - File error: 
2024-10-20 15:53:55 - ERROR - File error: 
2024-10-20 15:53:55 - ERROR - File error: 
2024-10-27 14:50:44 - INFO - Fetching data from: https://startup100.net/
2024-10-27 14:50:44 - INFO - Fetching data from: https://startup100.net/
2024-10-27 14:50:44 - INFO - Fetching data from: https://startup100.net/
2024-10-27 14:50:47 - INFO - Data retrieved successfully.
2024-10-27 14:50:47 - INFO - Data retrieved successfully.
2024-10-27 14:50:47 - INFO - Data retrieved successfully.
2024-10-27 14:50:47 - ERROR - File error: unhashable type: 'slice'
2024-10-27 14:50:47 - ERROR - File error: unhashable type: 'slice'
2024-10-27 14:50:47 - ERROR - File error: unhashable type: 'slice'
2024-10-27 14:54:22 - INFO - Fetching data from: https://startup100.net/
2024-10-27 14:54:22 - INFO - Fetching data from: https://startup100.net/
2024-10-27 14:54:22 - INFO - Fetching data from: https://startup100.net/
2024-10-27 14:54:23 - INFO - Data retrieved successfully.
2024-10-27 14:54:23 - INFO - Data retrieved successfully.
2024-10-27 14:54:23 - INFO - Data retrieved successfully.
2024-10-27 14:54:23 - ERROR - [91mFile error: unhashable type: 'slice'
2024-10-27 14:54:23 - ERROR - [91mFile error: unhashable type: 'slice'
2024-10-27 14:54:23 - ERROR - [91mFile error: unhashable type: 'slice'
2024-10-27 15:08:37 - INFO - Fetching data from: https://startup100.net/
2024-10-27 15:08:37 - INFO - Fetching data from: https://startup100.net/
2024-10-27 15:08:37 - INFO - Fetching data from: https://startup100.net/
2024-10-27 15:08:40 - INFO - Data retrieved successfully.
2024-10-27 15:08:40 - INFO - Data retrieved successfully.
2024-10-27 15:08:40 - INFO - Data retrieved successfully.
2024-10-27 15:10:52 - INFO - Fetching data from: https://startup100.net/
2024-10-27 15:10:52 - INFO - Fetching data from: https://startup100.net/
2024-10-27 15:10:52 - INFO - Fetching data from: https://startup100.net/
2024-10-27 15:10:53 - INFO - Data retrieved successfully.
2024-10-27 15:10:53 - INFO - Data retrieved successfully.
2024-10-27 15:10:53 - INFO - Data retrieved successfully.
2024-10-27 15:16:53 - INFO - Fetching data from: https://startup100.net/
2024-10-27 15:16:53 - INFO - Fetching data from: https://startup100.net/
2024-10-27 15:16:53 - INFO - Fetching data from: https://startup100.net/
2024-10-27 15:16:54 - INFO - Data retrieved successfully.
2024-10-27 15:16:54 - INFO - Data retrieved successfully.
2024-10-27 15:16:54 - INFO - Data retrieved successfully.
2024-10-27 15:18:31 - INFO - Fetching data from: https://startup100.net/
2024-10-27 15:18:31 - INFO - Fetching data from: https://startup100.net/
2024-10-27 15:18:31 - INFO - Fetching data from: https://startup100.net/
2024-10-27 15:18:32 - INFO - Data retrieved successfully.
2024-10-27 15:18:32 - INFO - Data retrieved successfully.
2024-10-27 15:18:32 - INFO - Data retrieved successfully.
2024-10-27 15:19:41 - INFO - Fetching data from: https://startup100.net/
2024-10-27 15:19:41 - INFO - Fetching data from: https://startup100.net/
2024-10-27 15:19:41 - INFO - Fetching data from: https://startup100.net/
2024-10-27 15:19:42 - INFO - Data retrieved successfully.
2024-10-27 15:19:42 - INFO - Data retrieved successfully.
2024-10-27 15:19:42 - INFO - Data retrieved successfully.
2024-10-27 15:20:36 - INFO - Fetching data from: https://startup100.net/
2024-10-27 15:20:36 - INFO - Fetching data from: https://startup100.net/
2024-10-27 15:20:36 - INFO - Fetching data from: https://startup100.net/
2024-10-27 15:20:36 - INFO - Data retrieved successfully.
2024-10-27 15:20:36 - INFO - Data retrieved successfully.
2024-10-27 15:20:36 - INFO - Data retrieved successfully.
2024-10-27 15:23:52 - INFO - Fetching data from: https://startup100.net/
2024-10-27 15:23:52 - INFO - Fetching data from: https://startup100.net/
2024-10-27 15:23:52 - INFO - Fetching data from: https://startup100.net/
2024-10-27 15:23:53 - INFO - Data retrieved successfully.
2024-10-27 15:23:53 - INFO - Data retrieved successfully.
2024-10-27 15:23:53 - INFO - Data retrieved successfully.
2024-10-27 15:24:20 - INFO - Fetching data from: https://startup100.net/
2024-10-27 15:24:20 - INFO - Fetching data from: https://startup100.net/
2024-10-27 15:24:20 - INFO - Fetching data from: https://startup100.net/
2024-10-27 15:24:21 - INFO - Data retrieved successfully.
2024-10-27 15:24:21 - INFO - Data retrieved successfully.
2024-10-27 15:24:21 - INFO - Data retrieved successfully.
2024-10-27 15:34:43 - INFO - Fetching data from: https://startup100.net/
2024-10-27 15:34:43 - INFO - Fetching data from: https://startup100.net/
2024-10-27 15:34:43 - INFO - Fetching data from: https://startup100.net/
2024-10-27 15:34:44 - INFO - Data retrieved successfully.
2024-10-27 15:34:44 - INFO - Data retrieved successfully.
2024-10-27 15:34:44 - INFO - Data retrieved successfully.
2024-10-27 15:34:44 - ERROR - [91mFile error: expected str, bytes or os.PathLike object, not FileStorage
2024-10-27 15:34:44 - ERROR - [91mFile error: expected str, bytes or os.PathLike object, not FileStorage
2024-10-27 15:34:44 - ERROR - [91mFile error: expected str, bytes or os.PathLike object, not FileStorage
2024-10-27 15:42:54 - INFO - Fetching data from: https://startup100.net/
2024-10-27 15:42:54 - INFO - Fetching data from: https://startup100.net/
2024-10-27 15:42:54 - INFO - Fetching data from: https://startup100.net/
2024-10-27 15:42:55 - INFO - Data retrieved successfully.
2024-10-27 15:42:55 - INFO - Data retrieved successfully.
2024-10-27 15:42:55 - INFO - Data retrieved successfully.
2024-10-27 15:42:55 - ERROR - [91mFile error: expected str, bytes or os.PathLike object, not FileStorage
2024-10-27 15:42:55 - ERROR - [91mFile error: expected str, bytes or os.PathLike object, not FileStorage
2024-10-27 15:42:55 - ERROR - [91mFile error: expected str, bytes or os.PathLike object, not FileStorage
2024-10-27 15:54:52 - INFO - Fetching data from: https://startup100.net/
2024-10-27 15:54:52 - INFO - Fetching data from: https://startup100.net/
2024-10-27 15:54:52 - INFO - Fetching data from: https://startup100.net/
2024-10-27 15:54:52 - INFO - Data retrieved successfully.
2024-10-27 15:54:52 - INFO - Data retrieved successfully.
2024-10-27 15:54:52 - INFO - Data retrieved successfully.
2024-10-27 16:01:20 - INFO - Fetching data from: https://startup100.net/
2024-10-27 16:01:20 - INFO - Fetching data from: https://startup100.net/
2024-10-27 16:01:20 - INFO - Fetching data from: https://startup100.net/
2024-10-27 16:01:23 - INFO - Data retrieved successfully.
2024-10-27 16:01:23 - INFO - Data retrieved successfully.
2024-10-27 16:01:23 - INFO - Data retrieved successfully.
2024-10-27 16:04:22 - INFO - Fetching data from: https://startup100.net/
2024-10-27 16:04:22 - INFO - Fetching data from: https://startup100.net/
2024-10-27 16:04:22 - INFO - Fetching data from: https://startup100.net/
2024-10-27 16:04:24 - INFO - Data retrieved successfully.
2024-10-27 16:04:24 - INFO - Data retrieved successfully.
2024-10-27 16:04:24 - INFO - Data retrieved successfully.
2024-10-27 16:06:42 - INFO - Fetching data from: https://startup100.net/
2024-10-27 16:06:42 - INFO - Fetching data from: https://startup100.net/
2024-10-27 16:06:42 - INFO - Fetching data from: https://startup100.net/
2024-10-27 16:06:43 - INFO - Data retrieved successfully.
2024-10-27 16:06:43 - INFO - Data retrieved successfully.
2024-10-27 16:06:43 - INFO - Data retrieved successfully.
